<html>
<head>
<title>TestNG:  Test</title>
<link href="../testng.css" rel="stylesheet" type="text/css" />
<link href="../my-testng.css" rel="stylesheet" type="text/css" />

<style type="text/css">
.log { display: none;} 
.stack-trace { display: none;} 
</style>
<script type="text/javascript">
<!--
function flip(e) {
  current = e.style.display;
  if (current == 'block') {
    e.style.display = 'none';
    return 0;
  }
  else {
    e.style.display = 'block';
    return 1;
  }
}

function toggleBox(szDivId, elem, msg1, msg2)
{
  var res = -1;  if (document.getElementById) {
    res = flip(document.getElementById(szDivId));
  }
  else if (document.all) {
    // this is the way old msie versions work
    res = flip(document.all[szDivId]);
  }
  if(elem) {
    if(res == 0) elem.innerHTML = msg1; else elem.innerHTML = msg2;
  }

}

function toggleAllBoxes() {
  if (document.getElementsByTagName) {
    d = document.getElementsByTagName('div');
    for (i = 0; i < d.length; i++) {
      if (d[i].className == 'log') {
        flip(d[i]);
      }
    }
  }
}

// -->
</script>

</head>
<body>
<h2 align='center'>Test</h2><table border='1' align="center">
<tr>
<td>Tests passed/Failed/Skipped:</td><td>2/0/7</td>
</tr><tr>
<td>Started on:</td><td>Mon May 08 01:53:47 GST 2017</td>
</tr>
<tr><td>Total time:</td><td>39 seconds (39153 ms)</td>
</tr><tr>
<td>Included groups:</td><td></td>
</tr><tr>
<td>Excluded groups:</td><td></td>
</tr>
</table><p/>
<small><i>(Hover the method name to see the test class name)</i></small><p/>
<table width='100%' border='1' class='invocation-failed'>
<tr><td colspan='4' align='center'><b>FAILED CONFIGURATIONS</b></td></tr>
<tr><td><b>Test method</b></td>
<td width="30%"><b>Exception</b></td>
<td width="10%"><b>Time (seconds)</b></td>
<td><b>Instance</b></td>
</tr>
<tr>
<td title='FacebookLogin.HappyPath.beforeClass()'><b>beforeClass</b><br>Test class: FacebookLogin.HappyPath</td>
<td><div><pre>org.openqa.selenium.TimeoutException: Timed out after 10 seconds waiting for element to no longer be visible: By.cssSelector: #onesignal-popover-container
Build info: version: &apos;2.45.0&apos;, revision: &apos;5017cb8e7ca8e37638dc3091b2440b90a1d8686f&apos;, time: &apos;2015-02-27 09:10:26&apos;
System info: host: &apos;administrators-MacBook-Pro.local&apos;, ip: &apos;127.0.0.1&apos;, os.name: &apos;Mac OS X&apos;, os.arch: &apos;x86_64&apos;, os.version: &apos;10.12.4&apos;, java.version: &apos;1.8.0_121&apos;
Driver info: org.openqa.selenium.chrome.ChromeDriver
Capabilities [{applicationCacheEnabled=false, rotatable=false, mobileEmulationEnabled=false, networkConnectionEnabled=false, chrome={chromedriverVersion=2.29.461585 (0be2cd95f834e9ee7c46bcc7cf405b483f5ae83b), userDataDir=/var/folders/6b/893n5rxn1j9fjbyt0_3wmdvr0000gp/T/.org.chromium.Chromium.zZ647o}, takesHeapSnapshot=true, pageLoadStrategy=normal, databaseEnabled=false, handlesAlerts=true, hasTouchScreen=false, version=58.0.3029.96, platform=MAC, browserConnectionEnabled=false, nativeEvents=true, acceptSslCerts=true, locationContextEnabled=true, webStorageEnabled=true, browserName=chrome, takesScreenshot=true, javascriptEnabled=true, cssSelectorsEnabled=true, unexpectedAlertBehaviour=}]
Session ID: ba2525a58841ecee4cd3e10c338037cb
	at org.openqa.selenium.support.ui.WebDriverWait.timeoutException(WebDriverWait.java:79)
	at org.openqa.selenium.support.ui.FluentWait.until(FluentWait.java:228)
	at commonConfig.Config.beforeClass(Config.java:70)
... Removed 24 stack frames</pre></div><a href='#' onClick='toggleBox("stack-trace1450652220", this, "Click to show all stack frames", "Click to hide stack frames")'>Click to show all stack frames</a>
<div class='stack-trace' id='stack-trace1450652220'><pre>org.openqa.selenium.TimeoutException: Timed out after 10 seconds waiting for element to no longer be visible: By.cssSelector: #onesignal-popover-container
Build info: version: &apos;2.45.0&apos;, revision: &apos;5017cb8e7ca8e37638dc3091b2440b90a1d8686f&apos;, time: &apos;2015-02-27 09:10:26&apos;
System info: host: &apos;administrators-MacBook-Pro.local&apos;, ip: &apos;127.0.0.1&apos;, os.name: &apos;Mac OS X&apos;, os.arch: &apos;x86_64&apos;, os.version: &apos;10.12.4&apos;, java.version: &apos;1.8.0_121&apos;
Driver info: org.openqa.selenium.chrome.ChromeDriver
Capabilities [{applicationCacheEnabled=false, rotatable=false, mobileEmulationEnabled=false, networkConnectionEnabled=false, chrome={chromedriverVersion=2.29.461585 (0be2cd95f834e9ee7c46bcc7cf405b483f5ae83b), userDataDir=/var/folders/6b/893n5rxn1j9fjbyt0_3wmdvr0000gp/T/.org.chromium.Chromium.zZ647o}, takesHeapSnapshot=true, pageLoadStrategy=normal, databaseEnabled=false, handlesAlerts=true, hasTouchScreen=false, version=58.0.3029.96, platform=MAC, browserConnectionEnabled=false, nativeEvents=true, acceptSslCerts=true, locationContextEnabled=true, webStorageEnabled=true, browserName=chrome, takesScreenshot=true, javascriptEnabled=true, cssSelectorsEnabled=true, unexpectedAlertBehaviour=}]
Session ID: ba2525a58841ecee4cd3e10c338037cb
	at org.openqa.selenium.support.ui.WebDriverWait.timeoutException(WebDriverWait.java:79)
	at org.openqa.selenium.support.ui.FluentWait.until(FluentWait.java:228)
	at commonConfig.Config.beforeClass(Config.java:70)
	at sun.reflect.NativeMethodAccessorImpl.invoke0(Native Method)
	at sun.reflect.NativeMethodAccessorImpl.invoke(NativeMethodAccessorImpl.java:62)
	at sun.reflect.DelegatingMethodAccessorImpl.invoke(DelegatingMethodAccessorImpl.java:43)
	at java.lang.reflect.Method.invoke(Method.java:498)
	at org.testng.internal.MethodInvocationHelper.invokeMethod(MethodInvocationHelper.java:80)
	at org.testng.internal.Invoker.invokeConfigurationMethod(Invoker.java:564)
	at org.testng.internal.Invoker.invokeConfigurations(Invoker.java:213)
	at org.testng.internal.Invoker.invokeConfigurations(Invoker.java:138)
	at org.testng.internal.TestMethodWorker.invokeBeforeClassMethods(TestMethodWorker.java:175)
	at org.testng.internal.TestMethodWorker.run(TestMethodWorker.java:107)
	at org.testng.TestRunner.privateRun(TestRunner.java:767)
	at org.testng.TestRunner.run(TestRunner.java:617)
	at org.testng.SuiteRunner.runTest(SuiteRunner.java:334)
	at org.testng.SuiteRunner.runSequentially(SuiteRunner.java:329)
	at org.testng.SuiteRunner.privateRun(SuiteRunner.java:291)
	at org.testng.SuiteRunner.run(SuiteRunner.java:240)
	at org.testng.SuiteRunnerWorker.runSuite(SuiteRunnerWorker.java:52)
	at org.testng.SuiteRunnerWorker.run(SuiteRunnerWorker.java:86)
	at org.testng.TestNG.runSuitesSequentially(TestNG.java:1198)
	at org.testng.TestNG.runSuitesLocally(TestNG.java:1123)
	at org.testng.TestNG.run(TestNG.java:1031)
	at org.testng.remote.AbstractRemoteTestNG.run(AbstractRemoteTestNG.java:132)
	at org.testng.remote.RemoteTestNG.initAndRun(RemoteTestNG.java:230)
	at org.testng.remote.RemoteTestNG.main(RemoteTestNG.java:76)
</pre></div></td>
<td>0</td>
<td>FacebookLogin.HappyPath@598067a5</td></tr>
</table><p>
<table width='100%' border='1' class='invocation-skipped'>
<tr><td colspan='4' align='center'><b>SKIPPED CONFIGURATIONS</b></td></tr>
<tr><td><b>Test method</b></td>
<td width="30%"><b>Exception</b></td>
<td width="10%"><b>Time (seconds)</b></td>
<td><b>Instance</b></td>
</tr>
<tr>
<td title='Search.HappyPath.beforeClass()'><b>beforeClass</b><br>Test class: Search.HappyPath</td>
<td></td>
<td>0</td>
<td>Search.HappyPath@548e7350</td></tr>
<tr>
<td title='ProductDescriptionPage.HappyPath.beforeClass()'><b>beforeClass</b><br>Test class: ProductDescriptionPage.HappyPath</td>
<td></td>
<td>0</td>
<td>ProductDescriptionPage.HappyPath@5f341870</td></tr>
<tr>
<td title='FacebookLogin.HappyPath.afterClass()'><b>afterClass</b><br>Test class: FacebookLogin.HappyPath</td>
<td></td>
<td>0</td>
<td>FacebookLogin.HappyPath@598067a5</td></tr>
<tr>
<td title='Search.HappyPath.afterClass()'><b>afterClass</b><br>Test class: Search.HappyPath</td>
<td></td>
<td>0</td>
<td>Search.HappyPath@548e7350</td></tr>
<tr>
<td title='ProductDescriptionPage.HappyPath.afterClass()'><b>afterClass</b><br>Test class: ProductDescriptionPage.HappyPath</td>
<td></td>
<td>0</td>
<td>ProductDescriptionPage.HappyPath@5f341870</td></tr>
</table><p>
<table width='100%' border='1' class='invocation-passed'>
<tr><td colspan='4' align='center'><b>PASSED TESTS</b></td></tr>
<tr><td><b>Test method</b></td>
<td width="30%"><b>Exception</b></td>
<td width="10%"><b>Time (seconds)</b></td>
<td><b>Instance</b></td>
</tr>
<tr>
<td title='APITesting.HappyPath.mageTesting()'><b>mageTesting</b><br>Test class: APITesting.HappyPath</td>
<td></td>
<td>0</td>
<td>APITesting.HappyPath@3c0ecd4b</td></tr>
<tr>
<td title='APITesting.HappyPath.oAuthTesting()'><b>oAuthTesting</b><br>Test class: APITesting.HappyPath</td>
<td></td>
<td>0</td>
<td>APITesting.HappyPath@3c0ecd4b</td></tr>
</table><p>
<table width='100%' border='1' class='invocation-skipped'>
<tr><td colspan='4' align='center'><b>SKIPPED TESTS</b></td></tr>
<tr><td><b>Test method</b></td>
<td width="30%"><b>Exception</b></td>
<td width="10%"><b>Time (seconds)</b></td>
<td><b>Instance</b></td>
</tr>
<tr>
<td title='ProductDescriptionPage.HappyPath.PDPElementsExists()'><b>PDPElementsExists</b><br>Test class: ProductDescriptionPage.HappyPath</td>
<td></td>
<td>0</td>
<td>ProductDescriptionPage.HappyPath@5f341870</td></tr>
<tr>
<td title='ProductDescriptionPage.HappyPath.favorites()'><b>favorites</b><br>Test class: ProductDescriptionPage.HappyPath</td>
<td></td>
<td>0</td>
<td>ProductDescriptionPage.HappyPath@5f341870</td></tr>
<tr>
<td title='ProductDescriptionPage.HappyPath.multiImagesIfExists()'><b>multiImagesIfExists</b><br>Test class: ProductDescriptionPage.HappyPath</td>
<td></td>
<td>0</td>
<td>ProductDescriptionPage.HappyPath@5f341870</td></tr>
<tr>
<td title='ProductDescriptionPage.HappyPath.qauntityButton()'><b>qauntityButton</b><br>Test class: ProductDescriptionPage.HappyPath</td>
<td></td>
<td>0</td>
<td>ProductDescriptionPage.HappyPath@5f341870</td></tr>
<tr>
<td title='FacebookLogin.HappyPath.testLogin()'><b>testLogin</b><br>Test class: FacebookLogin.HappyPath</td>
<td></td>
<td>0</td>
<td>FacebookLogin.HappyPath@598067a5</td></tr>
<tr>
<td title='Search.HappyPath.testSearchExist()'><b>testSearchExist</b><br>Test class: Search.HappyPath</td>
<td></td>
<td>0</td>
<td>Search.HappyPath@548e7350</td></tr>
<tr>
<td title='Search.HappyPath.testSearchdDontExist()'><b>testSearchdDontExist</b><br>Test class: Search.HappyPath</td>
<td></td>
<td>0</td>
<td>Search.HappyPath@548e7350</td></tr>
</table><p>
</body>
</html>