<?xml version="1.0" encoding="UTF-8"?>
<!-- Generated by org.testng.reporters.JUnitXMLReporter -->
<testsuite hostname="administrators-MacBook-Pro.local" name="Test" tests="9" failures="0" timestamp="7 May 2017 21:54:41 GMT" time="39.153" errors="0">
  <testcase name="@BeforeClass beforeClass" time="0.0" classname="FacebookLogin.HappyPath">
    <failure type="org.openqa.selenium.TimeoutException" message="Timed out after 10 seconds waiting for element to no longer be visible: By.cssSelector: #onesignal-popover-container
Build info: version: &amp;apos;2.45.0&amp;apos;, revision: &amp;apos;5017cb8e7ca8e37638dc3091b2440b90a1d8686f&amp;apos;, time: &amp;apos;2015-02-27 09:10:26&amp;apos;
System info: host: &amp;apos;administrators-MacBook-Pro.local&amp;apos;, ip: &amp;apos;127.0.0.1&amp;apos;, os.name: &amp;apos;Mac OS X&amp;apos;, os.arch: &amp;apos;x86_64&amp;apos;, os.version: &amp;apos;10.12.4&amp;apos;, java.version: &amp;apos;1.8.0_121&amp;apos;
Driver info: org.openqa.selenium.chrome.ChromeDriver
Capabilities [{applicationCacheEnabled=false, rotatable=false, mobileEmulationEnabled=false, networkConnectionEnabled=false, chrome={chromedriverVersion=2.29.461585 (0be2cd95f834e9ee7c46bcc7cf405b483f5ae83b), userDataDir=/var/folders/6b/893n5rxn1j9fjbyt0_3wmdvr0000gp/T/.org.chromium.Chromium.zZ647o}, takesHeapSnapshot=true, pageLoadStrategy=normal, databaseEnabled=false, handlesAlerts=true, hasTouchScreen=false, version=58.0.3029.96, platform=MAC, browserConnectionEnabled=false, nativeEvents=true, acceptSslCerts=true, locationContextEnabled=true, webStorageEnabled=true, browserName=chrome, takesScreenshot=true, javascriptEnabled=true, cssSelectorsEnabled=true, unexpectedAlertBehaviour=}]
Session ID: ba2525a58841ecee4cd3e10c338037cb">
      <![CDATA[org.openqa.selenium.TimeoutException: Timed out after 10 seconds waiting for element to no longer be visible: By.cssSelector: #onesignal-popover-container
Build info: version: '2.45.0', revision: '5017cb8e7ca8e37638dc3091b2440b90a1d8686f', time: '2015-02-27 09:10:26'
System info: host: 'administrators-MacBook-Pro.local', ip: '127.0.0.1', os.name: 'Mac OS X', os.arch: 'x86_64', os.version: '10.12.4', java.version: '1.8.0_121'
Driver info: org.openqa.selenium.chrome.ChromeDriver
Capabilities [{applicationCacheEnabled=false, rotatable=false, mobileEmulationEnabled=false, networkConnectionEnabled=false, chrome={chromedriverVersion=2.29.461585 (0be2cd95f834e9ee7c46bcc7cf405b483f5ae83b), userDataDir=/var/folders/6b/893n5rxn1j9fjbyt0_3wmdvr0000gp/T/.org.chromium.Chromium.zZ647o}, takesHeapSnapshot=true, pageLoadStrategy=normal, databaseEnabled=false, handlesAlerts=true, hasTouchScreen=false, version=58.0.3029.96, platform=MAC, browserConnectionEnabled=false, nativeEvents=true, acceptSslCerts=true, locationContextEnabled=true, webStorageEnabled=true, browserName=chrome, takesScreenshot=true, javascriptEnabled=true, cssSelectorsEnabled=true, unexpectedAlertBehaviour=}]
Session ID: ba2525a58841ecee4cd3e10c338037cb
	at org.openqa.selenium.support.ui.WebDriverWait.timeoutException(WebDriverWait.java:79)
	at org.openqa.selenium.support.ui.FluentWait.until(FluentWait.java:228)
	at commonConfig.Config.beforeClass(Config.java:70)
... Removed 24 stack frames]]>
    </failure>
  </testcase> <!-- @BeforeClass beforeClass -->
  <testcase name="@AfterClass afterClass" time="0.0" classname="FacebookLogin.HappyPath">
    <skipped/>
  </testcase> <!-- @AfterClass afterClass -->
  <testcase name="@BeforeClass beforeClass" time="0.0" classname="Search.HappyPath">
    <skipped/>
  </testcase> <!-- @BeforeClass beforeClass -->
  <testcase name="@AfterClass afterClass" time="0.0" classname="Search.HappyPath">
    <skipped/>
  </testcase> <!-- @AfterClass afterClass -->
  <testcase name="@BeforeClass beforeClass" time="0.0" classname="ProductDescriptionPage.HappyPath">
    <skipped/>
  </testcase> <!-- @BeforeClass beforeClass -->
  <testcase name="@AfterClass afterClass" time="0.0" classname="ProductDescriptionPage.HappyPath">
    <skipped/>
  </testcase> <!-- @AfterClass afterClass -->
  <testcase name="testLogin" time="0.001" classname="FacebookLogin.HappyPath">
    <skipped/>
  </testcase> <!-- testLogin -->
  <testcase name="testSearchExist" time="0.001" classname="Search.HappyPath">
    <skipped/>
  </testcase> <!-- testSearchExist -->
  <testcase name="testSearchdDontExist" time="0.0" classname="Search.HappyPath">
    <skipped/>
  </testcase> <!-- testSearchdDontExist -->
  <testcase name="PDPElementsExists" time="0.0" classname="ProductDescriptionPage.HappyPath">
    <skipped/>
  </testcase> <!-- PDPElementsExists -->
  <testcase name="favorites" time="0.001" classname="ProductDescriptionPage.HappyPath">
    <skipped/>
  </testcase> <!-- favorites -->
  <testcase name="multiImagesIfExists" time="0.001" classname="ProductDescriptionPage.HappyPath">
    <skipped/>
  </testcase> <!-- multiImagesIfExists -->
  <testcase name="qauntityButton" time="0.0" classname="ProductDescriptionPage.HappyPath">
    <skipped/>
  </testcase> <!-- qauntityButton -->
  <testcase name="mageTesting" time="0.035" classname="APITesting.HappyPath"/>
  <testcase name="oAuthTesting" time="0.002" classname="APITesting.HappyPath"/>
</testsuite> <!-- Test -->
