<?xml version="1.0" encoding="UTF-8"?>
<testng-results skipped="0" failed="2" total="7" passed="5">
  <reporter-output>
  </reporter-output>
  <suite name="Suite" duration-ms="192051" started-at="2017-05-07T22:33:04Z" finished-at="2017-05-07T22:36:16Z">
    <groups>
    </groups>
    <test name="Test" duration-ms="192051" started-at="2017-05-07T22:33:04Z" finished-at="2017-05-07T22:36:16Z">
      <class name="FacebookLogin.HappyPath">
        <test-method status="PASS" signature="beforeClass()[pri:0, instance:FacebookLogin.HappyPath@31ef45e3]" name="beforeClass" is-config="true" duration-ms="40116" started-at="2017-05-08T02:33:04Z" finished-at="2017-05-08T02:33:44Z">
          <reporter-output>
          </reporter-output>
        </test-method> <!-- beforeClass -->
        <test-method status="PASS" signature="testLogin()[pri:0, instance:FacebookLogin.HappyPath@31ef45e3]" name="testLogin" duration-ms="19536" started-at="2017-05-08T02:33:44Z" finished-at="2017-05-08T02:34:03Z">
          <reporter-output>
          </reporter-output>
        </test-method> <!-- testLogin -->
        <test-method status="PASS" signature="afterClass()[pri:0, instance:FacebookLogin.HappyPath@31ef45e3]" name="afterClass" is-config="true" duration-ms="739" started-at="2017-05-08T02:34:03Z" finished-at="2017-05-08T02:34:04Z">
          <reporter-output>
          </reporter-output>
        </test-method> <!-- afterClass -->
      </class> <!-- FacebookLogin.HappyPath -->
      <class name="ProductDescriptionPage.HappyPath">
        <test-method status="PASS" signature="beforeClass()[pri:0, instance:ProductDescriptionPage.HappyPath@598067a5]" name="beforeClass" is-config="true" duration-ms="36014" started-at="2017-05-08T02:34:53Z" finished-at="2017-05-08T02:35:29Z">
          <reporter-output>
          </reporter-output>
        </test-method> <!-- beforeClass -->
        <test-method status="PASS" signature="PDPElementsExists()[pri:0, instance:ProductDescriptionPage.HappyPath@598067a5]" name="PDPElementsExists" duration-ms="8288" started-at="2017-05-08T02:35:29Z" finished-at="2017-05-08T02:35:37Z">
          <reporter-output>
          </reporter-output>
        </test-method> <!-- PDPElementsExists -->
        <test-method status="FAIL" signature="favorites()[pri:0, instance:ProductDescriptionPage.HappyPath@598067a5]" name="favorites" duration-ms="2673" started-at="2017-05-08T02:35:37Z" finished-at="2017-05-08T02:35:40Z">
          <exception class="java.lang.AssertionError">
            <message>
              <![CDATA[expected [true] but found [false]]]>
            </message>
            <full-stacktrace>
              <![CDATA[java.lang.AssertionError: expected [true] but found [false]
	at org.testng.Assert.fail(Assert.java:94)
	at org.testng.Assert.failNotEquals(Assert.java:494)
	at org.testng.Assert.assertTrue(Assert.java:42)
	at org.testng.Assert.assertTrue(Assert.java:52)
	at ProductDescriptionPage.HappyPath.favorites(HappyPath.java:184)
	at sun.reflect.NativeMethodAccessorImpl.invoke0(Native Method)
	at sun.reflect.NativeMethodAccessorImpl.invoke(NativeMethodAccessorImpl.java:62)
	at sun.reflect.DelegatingMethodAccessorImpl.invoke(DelegatingMethodAccessorImpl.java:43)
	at java.lang.reflect.Method.invoke(Method.java:498)
	at org.testng.internal.MethodInvocationHelper.invokeMethod(MethodInvocationHelper.java:80)
	at org.testng.internal.Invoker.invokeMethod(Invoker.java:714)
	at org.testng.internal.Invoker.invokeTestMethod(Invoker.java:901)
	at org.testng.internal.Invoker.invokeTestMethods(Invoker.java:1231)
	at org.testng.internal.TestMethodWorker.invokeTestMethods(TestMethodWorker.java:127)
	at org.testng.internal.TestMethodWorker.run(TestMethodWorker.java:111)
	at org.testng.TestRunner.privateRun(TestRunner.java:767)
	at org.testng.TestRunner.run(TestRunner.java:617)
	at org.testng.SuiteRunner.runTest(SuiteRunner.java:334)
	at org.testng.SuiteRunner.runSequentially(SuiteRunner.java:329)
	at org.testng.SuiteRunner.privateRun(SuiteRunner.java:291)
	at org.testng.SuiteRunner.run(SuiteRunner.java:240)
	at org.testng.SuiteRunnerWorker.runSuite(SuiteRunnerWorker.java:52)
	at org.testng.SuiteRunnerWorker.run(SuiteRunnerWorker.java:86)
	at org.testng.TestNG.runSuitesSequentially(TestNG.java:1198)
	at org.testng.TestNG.runSuitesLocally(TestNG.java:1123)
	at org.testng.TestNG.run(TestNG.java:1031)
	at org.testng.remote.AbstractRemoteTestNG.run(AbstractRemoteTestNG.java:132)
	at org.testng.remote.RemoteTestNG.initAndRun(RemoteTestNG.java:230)
	at org.testng.remote.RemoteTestNG.main(RemoteTestNG.java:76)
]]>
            </full-stacktrace>
          </exception> <!-- java.lang.AssertionError -->
          <reporter-output>
          </reporter-output>
        </test-method> <!-- favorites -->
        <test-method status="PASS" signature="multiImagesIfExists()[pri:0, instance:ProductDescriptionPage.HappyPath@598067a5]" name="multiImagesIfExists" duration-ms="2185" started-at="2017-05-08T02:35:40Z" finished-at="2017-05-08T02:35:42Z">
          <reporter-output>
          </reporter-output>
        </test-method> <!-- multiImagesIfExists -->
        <test-method status="FAIL" signature="qauntityButton()[pri:0, instance:ProductDescriptionPage.HappyPath@598067a5]" name="qauntityButton" duration-ms="33185" started-at="2017-05-08T02:35:42Z" finished-at="2017-05-08T02:36:15Z">
          <exception class="java.lang.AssertionError">
            <message>
              <![CDATA[expected [true] but found [false]]]>
            </message>
            <full-stacktrace>
              <![CDATA[java.lang.AssertionError: expected [true] but found [false]
	at org.testng.Assert.fail(Assert.java:94)
	at org.testng.Assert.failNotEquals(Assert.java:494)
	at org.testng.Assert.assertTrue(Assert.java:42)
	at org.testng.Assert.assertTrue(Assert.java:52)
	at ProductDescriptionPage.HappyPath.qauntityButton(HappyPath.java:156)
	at sun.reflect.NativeMethodAccessorImpl.invoke0(Native Method)
	at sun.reflect.NativeMethodAccessorImpl.invoke(NativeMethodAccessorImpl.java:62)
	at sun.reflect.DelegatingMethodAccessorImpl.invoke(DelegatingMethodAccessorImpl.java:43)
	at java.lang.reflect.Method.invoke(Method.java:498)
	at org.testng.internal.MethodInvocationHelper.invokeMethod(MethodInvocationHelper.java:80)
	at org.testng.internal.Invoker.invokeMethod(Invoker.java:714)
	at org.testng.internal.Invoker.invokeTestMethod(Invoker.java:901)
	at org.testng.internal.Invoker.invokeTestMethods(Invoker.java:1231)
	at org.testng.internal.TestMethodWorker.invokeTestMethods(TestMethodWorker.java:127)
	at org.testng.internal.TestMethodWorker.run(TestMethodWorker.java:111)
	at org.testng.TestRunner.privateRun(TestRunner.java:767)
	at org.testng.TestRunner.run(TestRunner.java:617)
	at org.testng.SuiteRunner.runTest(SuiteRunner.java:334)
	at org.testng.SuiteRunner.runSequentially(SuiteRunner.java:329)
	at org.testng.SuiteRunner.privateRun(SuiteRunner.java:291)
	at org.testng.SuiteRunner.run(SuiteRunner.java:240)
	at org.testng.SuiteRunnerWorker.runSuite(SuiteRunnerWorker.java:52)
	at org.testng.SuiteRunnerWorker.run(SuiteRunnerWorker.java:86)
	at org.testng.TestNG.runSuitesSequentially(TestNG.java:1198)
	at org.testng.TestNG.runSuitesLocally(TestNG.java:1123)
	at org.testng.TestNG.run(TestNG.java:1031)
	at org.testng.remote.AbstractRemoteTestNG.run(AbstractRemoteTestNG.java:132)
	at org.testng.remote.RemoteTestNG.initAndRun(RemoteTestNG.java:230)
	at org.testng.remote.RemoteTestNG.main(RemoteTestNG.java:76)
]]>
            </full-stacktrace>
          </exception> <!-- java.lang.AssertionError -->
          <reporter-output>
          </reporter-output>
        </test-method> <!-- qauntityButton -->
        <test-method status="PASS" signature="afterClass()[pri:0, instance:ProductDescriptionPage.HappyPath@598067a5]" name="afterClass" is-config="true" duration-ms="618" started-at="2017-05-08T02:36:15Z" finished-at="2017-05-08T02:36:16Z">
          <reporter-output>
          </reporter-output>
        </test-method> <!-- afterClass -->
      </class> <!-- ProductDescriptionPage.HappyPath -->
      <class name="Search.HappyPath">
        <test-method status="PASS" signature="beforeClass()[pri:0, instance:Search.HappyPath@5442a311]" name="beforeClass" is-config="true" duration-ms="36740" started-at="2017-05-08T02:34:04Z" finished-at="2017-05-08T02:34:41Z">
          <reporter-output>
          </reporter-output>
        </test-method> <!-- beforeClass -->
        <test-method status="PASS" signature="testSearchExist()[pri:0, instance:Search.HappyPath@5442a311]" name="testSearchExist" duration-ms="7740" started-at="2017-05-08T02:34:41Z" finished-at="2017-05-08T02:34:49Z">
          <reporter-output>
          </reporter-output>
        </test-method> <!-- testSearchExist -->
        <test-method status="PASS" signature="testSearchdDontExist()[pri:0, instance:Search.HappyPath@5442a311]" name="testSearchdDontExist" duration-ms="3604" started-at="2017-05-08T02:34:49Z" finished-at="2017-05-08T02:34:52Z">
          <reporter-output>
          </reporter-output>
        </test-method> <!-- testSearchdDontExist -->
        <test-method status="PASS" signature="afterClass()[pri:0, instance:Search.HappyPath@5442a311]" name="afterClass" is-config="true" duration-ms="594" started-at="2017-05-08T02:34:52Z" finished-at="2017-05-08T02:34:53Z">
          <reporter-output>
          </reporter-output>
        </test-method> <!-- afterClass -->
      </class> <!-- Search.HappyPath -->
    </test> <!-- Test -->
  </suite> <!-- Suite -->
</testng-results>
